<?xml version="1.0" encoding="UTF-8"?>
<!-- Generated by org.testng.reporters.JUnitXMLReporter -->
<testsuite hostname="DESKTOP-R4CF4CN" ignored="0" name="Test" tests="4" failures="1" timestamp="30 Dec 2019 19:53:38 GMT" time="108.824" errors="0">
  <testcase name="checkUser" time="2.338" classname="qa.crm.test.sanity.HomePageTest"/>
  <testcase name="validateAddContact" time="12.236" classname="qa.crm.test.sanity.NewContactPageTest"/>
  <testcase name="checkTitle" time="0.029" classname="qa.crm.test.sanity.LoginTest"/>
  <testcase name="loginTest" time="5.949" classname="qa.crm.test.sanity.LoginTest">
    <failure type="java.lang.AssertionError" message="expected [true] but found [false]">
      <![CDATA[java.lang.AssertionError: expected [true] but found [false]
at qa.crm.test.sanity.LoginTest.loginTest(LoginTest.java:58)
... Removed 29 stack frames]]>
    </failure>
  </testcase> <!-- loginTest -->
</testsuite> <!-- Test -->
