<?xml version="1.0" encoding="UTF-8"?>
<testng-results skipped="0" failed="1" ignored="0" total="4" passed="3">
  <reporter-output>
  </reporter-output>
  <suite name="Suite" duration-ms="108824" started-at="2019-12-30T19:51:49Z" finished-at="2019-12-30T19:53:38Z">
    <groups>
    </groups>
    <test name="Test" duration-ms="108824" started-at="2019-12-30T19:51:49Z" finished-at="2019-12-30T19:53:38Z">
      <class name="qa.crm.test.sanity.HomePageTest">
        <test-method status="PASS" signature="setupExtent()[pri:0, instance:qa.crm.test.sanity.HomePageTest@6eebc39e]" name="setupExtent" is-config="true" duration-ms="205" started-at="2019-12-30T19:51:49Z" finished-at="2019-12-30T19:51:49Z">
          <reporter-output>
          </reporter-output>
        </test-method> <!-- setupExtent -->
        <test-method status="PASS" signature="setupExtent()[pri:0, instance:qa.crm.test.sanity.LoginTest@4dfa3a9d]" name="setupExtent" is-config="true" duration-ms="4" started-at="2019-12-30T19:51:49Z" finished-at="2019-12-30T19:51:49Z">
          <reporter-output>
          </reporter-output>
        </test-method> <!-- setupExtent -->
        <test-method status="PASS" signature="setupExtent()[pri:0, instance:qa.crm.test.sanity.NewContactPageTest@464bee09]" name="setupExtent" is-config="true" duration-ms="4" started-at="2019-12-30T19:51:49Z" finished-at="2019-12-30T19:51:49Z">
          <reporter-output>
          </reporter-output>
        </test-method> <!-- setupExtent -->
        <test-method status="PASS" signature="initializeSetUp()[pri:0, instance:qa.crm.test.sanity.HomePageTest@6eebc39e]" name="initializeSetUp" is-config="true" duration-ms="36267" started-at="2019-12-30T19:51:49Z" finished-at="2019-12-30T19:52:25Z">
          <reporter-output>
          </reporter-output>
        </test-method> <!-- initializeSetUp -->
        <test-method status="PASS" signature="checkUser()[pri:0, instance:qa.crm.test.sanity.HomePageTest@6eebc39e]" name="checkUser" duration-ms="2338" started-at="2019-12-30T19:52:25Z" finished-at="2019-12-30T19:52:28Z">
          <reporter-output>
          </reporter-output>
        </test-method> <!-- checkUser -->
        <test-method status="PASS" signature="tearDown(org.testng.ITestResult)[pri:0, instance:qa.crm.test.sanity.HomePageTest@6eebc39e]" name="tearDown" is-config="true" duration-ms="782" started-at="2019-12-30T19:52:28Z" finished-at="2019-12-30T19:52:29Z">
          <params>
            <param index="0">
              <value>
                <![CDATA[[TestResult name=checkUser status=SUCCESS method=HomePageTest.checkUser()[pri:0, instance:qa.crm.test.sanity.HomePageTest@6eebc39e] output={null}]]]>
              </value>
            </param>
          </params>
          <reporter-output>
          </reporter-output>
        </test-method> <!-- tearDown -->
      </class> <!-- qa.crm.test.sanity.HomePageTest -->
      <class name="qa.crm.test.sanity.NewContactPageTest">
        <test-method status="PASS" signature="initializeSetUp()[pri:0, instance:qa.crm.test.sanity.NewContactPageTest@464bee09]" name="initializeSetUp" is-config="true" duration-ms="19353" started-at="2019-12-30T19:52:31Z" finished-at="2019-12-30T19:52:50Z">
          <reporter-output>
          </reporter-output>
        </test-method> <!-- initializeSetUp -->
        <test-method status="PASS" signature="validateAddContact(java.util.HashMap)[pri:0, instance:qa.crm.test.sanity.NewContactPageTest@464bee09]" name="validateAddContact" duration-ms="12236" started-at="2019-12-30T19:52:50Z" data-provider="AddContact" finished-at="2019-12-30T19:53:03Z">
          <params>
            <param index="0">
              <value>
                <![CDATA[{LastName=Smith, FirstName=Will, EmailAddress=Will.Smith@yahoo.com, Run Status=yes}]]>
              </value>
            </param>
          </params>
          <reporter-output>
          </reporter-output>
        </test-method> <!-- validateAddContact -->
        <test-method status="PASS" signature="tearDown(org.testng.ITestResult)[pri:0, instance:qa.crm.test.sanity.NewContactPageTest@464bee09]" name="tearDown" is-config="true" duration-ms="692" started-at="2019-12-30T19:53:03Z" finished-at="2019-12-30T19:53:03Z">
          <params>
            <param index="0">
              <value>
                <![CDATA[[TestResult name=validateAddContact status=SUCCESS method=NewContactPageTest.validateAddContact(java.util.HashMap)[pri:0, instance:qa.crm.test.sanity.NewContactPageTest@464bee09] output={null}]]]>
              </value>
            </param>
          </params>
          <reporter-output>
          </reporter-output>
        </test-method> <!-- tearDown -->
      </class> <!-- qa.crm.test.sanity.NewContactPageTest -->
      <class name="qa.crm.test.sanity.LoginTest">
        <test-method status="PASS" signature="initializeSetUp()[pri:0, instance:qa.crm.test.sanity.LoginTest@4dfa3a9d]" name="initializeSetUp" is-config="true" duration-ms="12080" started-at="2019-12-30T19:53:03Z" finished-at="2019-12-30T19:53:15Z">
          <reporter-output>
          </reporter-output>
        </test-method> <!-- initializeSetUp -->
        <test-method status="PASS" signature="checkTitle()[pri:1, instance:qa.crm.test.sanity.LoginTest@4dfa3a9d]" name="checkTitle" duration-ms="29" started-at="2019-12-30T19:53:15Z" finished-at="2019-12-30T19:53:15Z">
          <reporter-output>
          </reporter-output>
        </test-method> <!-- checkTitle -->
        <test-method status="PASS" signature="tearDown(org.testng.ITestResult)[pri:0, instance:qa.crm.test.sanity.LoginTest@4dfa3a9d]" name="tearDown" is-config="true" duration-ms="676" started-at="2019-12-30T19:53:15Z" finished-at="2019-12-30T19:53:16Z">
          <params>
            <param index="0">
              <value>
                <![CDATA[[TestResult name=checkTitle status=SUCCESS method=LoginTest.checkTitle()[pri:1, instance:qa.crm.test.sanity.LoginTest@4dfa3a9d] output={null}]]]>
              </value>
            </param>
          </params>
          <reporter-output>
          </reporter-output>
        </test-method> <!-- tearDown -->
        <test-method status="PASS" signature="initializeSetUp()[pri:0, instance:qa.crm.test.sanity.LoginTest@4dfa3a9d]" name="initializeSetUp" is-config="true" duration-ms="13503" started-at="2019-12-30T19:53:16Z" finished-at="2019-12-30T19:53:30Z">
          <reporter-output>
          </reporter-output>
        </test-method> <!-- initializeSetUp -->
        <test-method status="FAIL" signature="loginTest()[pri:2, instance:qa.crm.test.sanity.LoginTest@4dfa3a9d]" name="loginTest" duration-ms="5949" started-at="2019-12-30T19:53:30Z" finished-at="2019-12-30T19:53:35Z">
          <exception class="java.lang.AssertionError">
            <message>
              <![CDATA[expected [true] but found [false]]]>
            </message>
            <full-stacktrace>
              <![CDATA[java.lang.AssertionError: expected [true] but found [false]
at org.testng.Assert.fail(Assert.java:96)
at org.testng.Assert.failNotEquals(Assert.java:776)
at org.testng.Assert.assertTrue(Assert.java:44)
at org.testng.Assert.assertTrue(Assert.java:54)
at qa.crm.test.sanity.LoginTest.loginTest(LoginTest.java:58)
at sun.reflect.NativeMethodAccessorImpl.invoke0(Native Method)
at sun.reflect.NativeMethodAccessorImpl.invoke(NativeMethodAccessorImpl.java:62)
at sun.reflect.DelegatingMethodAccessorImpl.invoke(DelegatingMethodAccessorImpl.java:43)
at java.lang.reflect.Method.invoke(Method.java:498)
at org.testng.internal.MethodInvocationHelper.invokeMethod(MethodInvocationHelper.java:124)
at org.testng.internal.Invoker.invokeMethod(Invoker.java:583)
at org.testng.internal.Invoker.invokeTestMethod(Invoker.java:719)
at org.testng.internal.Invoker.invokeTestMethods(Invoker.java:989)
at org.testng.internal.TestMethodWorker.invokeTestMethods(TestMethodWorker.java:125)
at org.testng.internal.TestMethodWorker.run(TestMethodWorker.java:109)
at org.testng.TestRunner.privateRun(TestRunner.java:648)
at org.testng.TestRunner.run(TestRunner.java:505)
at org.testng.SuiteRunner.runTest(SuiteRunner.java:455)
at org.testng.SuiteRunner.runSequentially(SuiteRunner.java:450)
at org.testng.SuiteRunner.privateRun(SuiteRunner.java:415)
at org.testng.SuiteRunner.run(SuiteRunner.java:364)
at org.testng.SuiteRunnerWorker.runSuite(SuiteRunnerWorker.java:52)
at org.testng.SuiteRunnerWorker.run(SuiteRunnerWorker.java:84)
at org.testng.TestNG.runSuitesSequentially(TestNG.java:1208)
at org.testng.TestNG.runSuitesLocally(TestNG.java:1137)
at org.testng.TestNG.runSuites(TestNG.java:1049)
at org.testng.TestNG.run(TestNG.java:1017)
at org.testng.remote.AbstractRemoteTestNG.run(AbstractRemoteTestNG.java:132)
at org.testng.remote.RemoteTestNG.initAndRun(RemoteTestNG.java:230)
at org.testng.remote.RemoteTestNG.main(RemoteTestNG.java:76)
]]>
            </full-stacktrace>
          </exception> <!-- java.lang.AssertionError -->
          <reporter-output>
          </reporter-output>
        </test-method> <!-- loginTest -->
        <test-method status="PASS" signature="tearDown(org.testng.ITestResult)[pri:0, instance:qa.crm.test.sanity.LoginTest@4dfa3a9d]" name="tearDown" is-config="true" duration-ms="2121" started-at="2019-12-30T19:53:36Z" finished-at="2019-12-30T19:53:38Z">
          <params>
            <param index="0">
              <value>
                <![CDATA[[TestResult name=loginTest status=FAILURE method=LoginTest.loginTest()[pri:2, instance:qa.crm.test.sanity.LoginTest@4dfa3a9d] output={null}]]]>
              </value>
            </param>
          </params>
          <reporter-output>
          </reporter-output>
        </test-method> <!-- tearDown -->
        <test-method status="PASS" signature="endExtentReport()[pri:0, instance:qa.crm.test.sanity.LoginTest@4dfa3a9d]" name="endExtentReport" is-config="true" duration-ms="1008" started-at="2019-12-30T19:53:38Z" finished-at="2019-12-30T19:53:39Z">
          <reporter-output>
          </reporter-output>
        </test-method> <!-- endExtentReport -->
      </class> <!-- qa.crm.test.sanity.LoginTest -->
    </test> <!-- Test -->
  </suite> <!-- Suite -->
</testng-results>
